<?xml version="1.0" encoding="UTF-8"?>
<!-- Generated by org.testng.reporters.JUnitReportReporter -->
<testsuite hostname="CSSLSYSTEM-329" name="TestMultipleLayerSearch" tests="1" failures="0" timestamp="2 Feb 2016 16:14:09 GMT" time="89.890" errors="0">
  <testcase name="OperationsMultipleQueryLayer" time="89.890" classname="TestMultipleLayerSearch"/>
</testsuite> <!-- TestMultipleLayerSearch -->
