<?xml version="1.0" encoding="UTF-8"?>
<!-- Generated by org.testng.reporters.JUnitReportReporter -->
<testsuite hostname="CSSLSYSTEM-329" name="TestBase" tests="1" failures="0" timestamp="29 Jan 2016 15:36:12 GMT" time="343.939" errors="0">
  <testcase name="MainGeoShield" time="343.939" classname="TestBase"/>
</testsuite> <!-- TestBase -->
