<?xml version="1.0" encoding="UTF-8"?>
<!-- Generated by org.testng.reporters.JUnitReportReporter -->
<testsuite hostname="CSSLSYSTEM-329" name="WorkFlows" tests="1" failures="0" timestamp="28 Jan 2016 14:54:54 GMT" time="70.813" errors="0">
  <testcase name="WorkFLowHyperLinks" time="70.813" classname="WorkFlows"/>
</testsuite> <!-- WorkFlows -->
