<?xml version="1.0" encoding="UTF-8"?>
<!-- Generated by org.testng.reporters.JUnitReportReporter -->
<testsuite hostname="CSSLSYSTEM-329" name="Tools" tests="1" failures="0" timestamp="15 Jan 2016 13:09:00 GMT" time="87.645" errors="0">
  <testcase name="OperationsMultipleQueryLayer" time="87.645" classname="Tools"/>
</testsuite> <!-- Tools -->
